0 info it worked if it ends with ok
1 verbose cli [ 'C:\\Program Files\\nodejs\\\\node.exe',
1 verbose cli   'C:\\Program Files\\nodejs\\node_modules\\npm\\bin\\npm-cli.js',
1 verbose cli   'install',
1 verbose cli   'tedious-pool-connection' ]
2 info using npm@1.4.28
3 info using node@v0.10.36
4 verbose node symlink C:\Program Files\nodejs\\node.exe
5 verbose cache add [ 'tedious-pool-connection', null ]
6 verbose cache add name=undefined spec="tedious-pool-connection" args=["tedious-pool-connection",null]
7 verbose parsed url { protocol: null,
7 verbose parsed url   slashes: null,
7 verbose parsed url   auth: null,
7 verbose parsed url   host: null,
7 verbose parsed url   port: null,
7 verbose parsed url   hostname: null,
7 verbose parsed url   hash: null,
7 verbose parsed url   search: null,
7 verbose parsed url   query: null,
7 verbose parsed url   pathname: 'tedious-pool-connection',
7 verbose parsed url   path: 'tedious-pool-connection',
7 verbose parsed url   href: 'tedious-pool-connection' }
8 silly lockFile d827e823-tedious-pool-connection tedious-pool-connection
9 verbose lock tedious-pool-connection C:\Users\house\AppData\Roaming\npm-cache\d827e823-tedious-pool-connection.lock
10 silly lockFile d827e823-tedious-pool-connection tedious-pool-connection
11 silly lockFile d827e823-tedious-pool-connection tedious-pool-connection
12 verbose addNamed [ 'tedious-pool-connection', '' ]
13 verbose addNamed [ null, '*' ]
14 silly lockFile 3fac9213-tedious-pool-connection tedious-pool-connection@
15 verbose lock tedious-pool-connection@ C:\Users\house\AppData\Roaming\npm-cache\3fac9213-tedious-pool-connection.lock
16 silly addNameRange { name: 'tedious-pool-connection', range: '*', hasData: false }
17 verbose request where is /tedious-pool-connection
18 verbose request registry https://registry.npmjs.org/
19 verbose request id 148584dc8707ac5f
20 verbose url raw /tedious-pool-connection
21 verbose url resolving [ 'https://registry.npmjs.org/', './tedious-pool-connection' ]
22 verbose url resolved https://registry.npmjs.org/tedious-pool-connection
23 verbose request where is https://registry.npmjs.org/tedious-pool-connection
24 info trying registry request attempt 1 at 21:33:09
25 http GET https://registry.npmjs.org/tedious-pool-connection
26 http 404 https://registry.npmjs.org/tedious-pool-connection
27 silly registry.get cb [ 404,
27 silly registry.get   { 'content-type': 'application/json',
27 silly registry.get     'cache-control': 'max-age=0',
27 silly registry.get     'content-length': '2',
27 silly registry.get     'accept-ranges': 'bytes',
27 silly registry.get     date: 'Mon, 02 May 2016 19:33:07 GMT',
27 silly registry.get     via: '1.1 varnish',
27 silly registry.get     age: '0',
27 silly registry.get     connection: 'keep-alive',
27 silly registry.get     'x-served-by': 'cache-fra1243-FRA',
27 silly registry.get     'x-cache': 'MISS',
27 silly registry.get     'x-cache-hits': '0',
27 silly registry.get     'x-timer': 'S1462217587.083409,VS0,VE112',
27 silly registry.get     vary: 'Accept-Encoding' } ]
28 silly lockFile 3fac9213-tedious-pool-connection tedious-pool-connection@
29 silly lockFile 3fac9213-tedious-pool-connection tedious-pool-connection@
30 error 404 Not Found
30 error 404
30 error 404 'tedious-pool-connection' is not in the npm registry.
30 error 404 You should bug the author to publish it
30 error 404
30 error 404 Note that you can also install from a
30 error 404 tarball, folder, or http url, or git url.
31 error System Windows_NT 6.2.9200
32 error command "C:\\Program Files\\nodejs\\\\node.exe" "C:\\Program Files\\nodejs\\node_modules\\npm\\bin\\npm-cli.js" "install" "tedious-pool-connection"
33 error cwd c:\Projets\Moving\PassportServer
34 error node -v v0.10.36
35 error npm -v 1.4.28
36 error code E404
37 verbose exit [ 1, true ]
